-- Attaching packages --------------------------------------- tidyverse 1.3.1 --
v ggplot2 3.3.3     v purrr   0.3.4
v tibble  3.1.2     v dplyr   1.0.6
v tidyr   1.1.3     v stringr 1.4.0
v readr   1.4.0     v forcats 0.5.1
-- Conflicts ------------------------------------------ tidyverse_conflicts() --
x dplyr::filter() masks stats::filter()
x dplyr::lag()    masks stats::lag()

-- Column specification --------------------------------------------------------
cols(
  .default = col_double(),
  Row.names = col_character()
)
i<U+00A0>Use `spec()` for the full column specifications.


-- Column specification --------------------------------------------------------
cols(
  X1 = col_double(),
  cell = col_character(),
  tissue = col_character(),
  cell_ontology_class = col_character(),
  cell_ontology_term_iri = col_character(),
  cell_ontology_id = col_character()
)


-- Column specification --------------------------------------------------------
cols(
  `Gene stable ID` = col_character(),
  `Gene name` = col_character()
)

Loading required package: SingleCellExperiment
Loading required package: SummarizedExperiment
Loading required package: MatrixGenerics
Loading required package: matrixStats

Attaching package: 'matrixStats'

The following object is masked from 'package:dplyr':

    count


Attaching package: 'MatrixGenerics'

The following objects are masked from 'package:matrixStats':

    colAlls, colAnyNAs, colAnys, colAvgsPerRowSet, colCollapse,
    colCounts, colCummaxs, colCummins, colCumprods, colCumsums,
    colDiffs, colIQRDiffs, colIQRs, colLogSumExps, colMadDiffs,
    colMads, colMaxs, colMeans2, colMedians, colMins, colOrderStats,
    colProds, colQuantiles, colRanges, colRanks, colSdDiffs, colSds,
    colSums2, colTabulates, colVarDiffs, colVars, colWeightedMads,
    colWeightedMeans, colWeightedMedians, colWeightedSds,
    colWeightedVars, rowAlls, rowAnyNAs, rowAnys, rowAvgsPerColSet,
    rowCollapse, rowCounts, rowCummaxs, rowCummins, rowCumprods,
    rowCumsums, rowDiffs, rowIQRDiffs, rowIQRs, rowLogSumExps,
    rowMadDiffs, rowMads, rowMaxs, rowMeans2, rowMedians, rowMins,
    rowOrderStats, rowProds, rowQuantiles, rowRanges, rowRanks,
    rowSdDiffs, rowSds, rowSums2, rowTabulates, rowVarDiffs, rowVars,
    rowWeightedMads, rowWeightedMeans, rowWeightedMedians,
    rowWeightedSds, rowWeightedVars

Loading required package: GenomicRanges
Loading required package: stats4
Loading required package: BiocGenerics
Loading required package: parallel

Attaching package: 'BiocGenerics'

The following objects are masked from 'package:parallel':

    clusterApply, clusterApplyLB, clusterCall, clusterEvalQ,
    clusterExport, clusterMap, parApply, parCapply, parLapply,
    parLapplyLB, parRapply, parSapply, parSapplyLB

The following objects are masked from 'package:dplyr':

    combine, intersect, setdiff, union

The following objects are masked from 'package:stats':

    IQR, mad, sd, var, xtabs

The following objects are masked from 'package:base':

    Filter, Find, Map, Position, Reduce, anyDuplicated, append,
    as.data.frame, basename, cbind, colnames, dirname, do.call,
    duplicated, eval, evalq, get, grep, grepl, intersect, is.unsorted,
    lapply, mapply, match, mget, order, paste, pmax, pmax.int, pmin,
    pmin.int, rank, rbind, rownames, sapply, setdiff, sort, table,
    tapply, union, unique, unsplit, which.max, which.min

Loading required package: S4Vectors

Attaching package: 'S4Vectors'

The following objects are masked from 'package:dplyr':

    first, rename

The following object is masked from 'package:tidyr':

    expand

The following objects are masked from 'package:base':

    I, expand.grid, unname

Loading required package: IRanges

Attaching package: 'IRanges'

The following objects are masked from 'package:dplyr':

    collapse, desc, slice

The following object is masked from 'package:purrr':

    reduce

Loading required package: GenomeInfoDb
Loading required package: Biobase
Welcome to Bioconductor

    Vignettes contain introductory material; view with
    'browseVignettes()'. To cite Bioconductor, see
    'citation("Biobase")', and for packages 'citation("pkgname")'.


Attaching package: 'Biobase'

The following object is masked from 'package:MatrixGenerics':

    rowMedians

The following objects are masked from 'package:matrixStats':

    anyMissing, rowMedians

Loading required package: scran
Loading required package: scuttle
Loading required package: zCompositions
Loading required package: MASS

Attaching package: 'MASS'

The following object is masked from 'package:biomaRt':

    select

The following object is masked from 'package:dplyr':

    select

Loading required package: NADA
Loading required package: survival

Attaching package: 'NADA'

The following object is masked from 'package:IRanges':

    cor

The following object is masked from 'package:S4Vectors':

    cor

The following object is masked from 'package:stats':

    cor

Loading required package: truncnorm
Loading required package: Rfast
Loading required package: Rcpp
Loading required package: RcppZiggurat

Attaching package: 'Rfast'

The following object is masked from 'package:Biobase':

    rowMedians

The following objects are masked from 'package:MatrixGenerics':

    colMads, colMaxs, colMedians, colMins, colRanks, colVars, rowMads,
    rowMaxs, rowMedians, rowMins, rowRanks, rowVars

The following objects are masked from 'package:matrixStats':

    colMads, colMaxs, colMedians, colMins, colRanks, colVars, rowMads,
    rowMaxs, rowMedians, rowMins, rowRanks, rowVars

The following object is masked from 'package:biomaRt':

    columns

The following object is masked from 'package:dplyr':

    nth

The following objects are masked from 'package:purrr':

    is_integer, transpose

aldex.clr: generating Monte-Carlo instances and clr values
operating in serial mode
computing center with all features
aldex.ttest: doing t-test
aldex.effect: calculating effect sizes
operating in serial mode
computing center with all features
Warning message:
In aldex.clr.function(reads, conds, mc.samples, denom, verbose,  :
  values are unreliable when estimated with so few MC smps
Error in file(file, ifelse(append, "a", "w")) : 
  cannot open the connection
Calls: write.csv -> eval.parent -> eval -> eval -> write.table -> file
In addition: Warning message:
In file(file, ifelse(append, "a", "w")) :
  cannot open file '/home/people/laucom/CoDA_scRNAseq/SC/aldex2_clr.csv': No such file or directory
Execution halted
