-- Attaching packages --------------------------------------- tidyverse 1.3.1 --
v ggplot2 3.3.3     v purrr   0.3.4
v tibble  3.1.2     v dplyr   1.0.6
v tidyr   1.1.3     v stringr 1.4.0
v readr   1.4.0     v forcats 0.5.1
-- Conflicts ------------------------------------------ tidyverse_conflicts() --
x dplyr::filter() masks stats::filter()
x dplyr::lag()    masks stats::lag()
Loading required package: zCompositions
Loading required package: MASS

Attaching package: 'MASS'

The following object is masked from 'package:dplyr':

    select

Loading required package: NADA
Loading required package: survival

Attaching package: 'NADA'

The following object is masked from 'package:stats':

    cor

Loading required package: truncnorm
Loading required package: Rfast
Loading required package: Rcpp
Loading required package: RcppZiggurat

Attaching package: 'Rfast'

The following object is masked from 'package:dplyr':

    nth

The following objects are masked from 'package:purrr':

    is_integer, transpose

operating in serial mode
computing center with all features
operating in serial mode
=>> PBS: job killed: walltime 36011 exceeded limit 36000
